<?xml version="1.0" encoding="UTF-8"?>
<!-- Generated by org.testng.reporters.JUnitXMLReporter -->
<testsuite ignored="1" hostname="DESKTOP-C3BNNEF" failures="0" tests="6" name="Test" time="0.161" errors="0" timestamp="2022-03-24T17:25:09 IST">
  <testcase classname="com.cg.Test1" name="method1" time="0.015"/>
  <testcase classname="com.cg.Test1" name="method2" time="0.003"/>
  <testcase classname="com.cg.Test1" name="testMethod1" time="0.004"/>
  <testcase classname="com.cg.Test1" name="testMethod2" time="0.003"/>
  <testcase classname="com.cg.Test1" name="testMethod3" time="0.003"/>
  <testcase classname="com.cg.Test2" name="demo2" time="0.005"/>
  <testcase classname="com.cg.Test2" name="demo1" time="0.0">
    <ignored/>
  </testcase> <!-- demo1 -->
</testsuite> <!-- Test -->
