<?xml version="1.0" encoding="UTF-8"?>
<!-- Generated by org.testng.reporters.JUnitXMLReporter -->
<testsuite ignored="0" hostname="DESKTOP-C3BNNEF" failures="0" tests="5" name="Default test" time="0.144" errors="0" timestamp="2022-03-23T16:21:30 IST">
  <testcase classname="com.cg.Test1" name="method1" time="0.013"/>
  <testcase classname="com.cg.Test1" name="method2" time="0.01"/>
  <testcase classname="com.cg.Test1" name="testMethod1" time="0.007"/>
  <testcase classname="com.cg.Test1" name="testMethod2" time="0.005"/>
  <testcase classname="com.cg.Test1" name="testMethod3" time="0.012"/>
</testsuite> <!-- Default test -->
