<?xml version="1.0" encoding="UTF-8"?>
<!-- Generated by org.testng.reporters.JUnitXMLReporter -->
<testsuite ignored="6" hostname="DESKTOP-C3BNNEF" failures="0" tests="3" name="Test" time="0.119" errors="0" timestamp="2022-03-23T22:47:54 IST">
  <testcase classname="com.cg.loan.PersonalLoan" name="webLoginPersonalLoan" time="0.019"/>
  <testcase classname="com.cg.loan.CarLoan" name="apiLoginCarLoan" time="0.003"/>
  <testcase classname="com.cg.loan.HomeLoan" name="mobileLoginHomeLoan" time="0.004"/>
  <testcase classname="com.cg.loan.HomeLoan" name="apiLoginHomeLoan" time="0.0">
    <ignored/>
  </testcase> <!-- apiLoginHomeLoan -->
  <testcase classname="com.cg.loan.PersonalLoan" name="apiLoginPersonalLoan" time="0.0">
    <ignored/>
  </testcase> <!-- apiLoginPersonalLoan -->
  <testcase classname="com.cg.loan.CarLoan" name="mobileLoginCarLoan" time="0.0">
    <ignored/>
  </testcase> <!-- mobileLoginCarLoan -->
  <testcase classname="com.cg.loan.PersonalLoan" name="mobileLoginPersonalLoan" time="0.0">
    <ignored/>
  </testcase> <!-- mobileLoginPersonalLoan -->
  <testcase classname="com.cg.loan.CarLoan" name="webLoginCarLoan" time="0.0">
    <ignored/>
  </testcase> <!-- webLoginCarLoan -->
  <testcase classname="com.cg.loan.HomeLoan" name="webLoginHomeLoan" time="0.0">
    <ignored/>
  </testcase> <!-- webLoginHomeLoan -->
</testsuite> <!-- Test -->
