<?xml version="1.0" encoding="UTF-8"?>
<testng-results ignored="4" total="7" passed="3" failed="0" skipped="0">
  <reporter-output>
  </reporter-output>
  <suite started-at="2022-03-23T18:03:25 IST" name="Suite" finished-at="2022-03-23T18:03:25 IST" duration-ms="106">
    <groups>
    </groups>
    <test started-at="2022-03-23T18:03:25 IST" name="Test" finished-at="2022-03-23T18:03:25 IST" duration-ms="106">
      <class name="com.cg.Test1">
        <test-method signature="method1()[pri:0, instance:com.cg.Test1@7a4ccb53]" started-at="2022-03-23T18:03:25 IST" name="method1" finished-at="2022-03-23T18:03:25 IST" duration-ms="15" status="PASS">
          <reporter-output>
          </reporter-output>
        </test-method> <!-- method1 -->
        <test-method signature="method2()[pri:0, instance:com.cg.Test1@7a4ccb53]" started-at="2022-03-23T18:03:25 IST" name="method2" finished-at="2022-03-23T18:03:25 IST" duration-ms="3" status="PASS">
          <reporter-output>
          </reporter-output>
        </test-method> <!-- method2 -->
      </class> <!-- com.cg.Test1 -->
      <class name="com.cg.Test2">
        <test-method signature="demo2()[pri:0, instance:com.cg.Test2@12b0404f]" started-at="2022-03-23T18:03:25 IST" name="demo2" finished-at="2022-03-23T18:03:25 IST" duration-ms="3" status="PASS">
          <reporter-output>
          </reporter-output>
        </test-method> <!-- demo2 -->
      </class> <!-- com.cg.Test2 -->
    </test> <!-- Test -->
  </suite> <!-- Suite -->
</testng-results>
